<?xml version="1.0" encoding="UTF-8"?>
<!-- Generated by org.testng.reporters.JUnitReportReporter -->
<testsuite hostname="LAPTOP-QQ0D4I19" failures="0" tests="18" name="com.poly.TestCase.NhaCungCapTest" time="0.461" errors="0" timestamp="2021-11-27T19:08:43 ICT" skipped="0">
  <testcase classname="com.poly.TestCase.NhaCungCapTest" name="NCC_TC012_selectallFailed" time="0.039"/>
  <system-out/>
  <testcase classname="com.poly.TestCase.NhaCungCapTest" name="NCC_TC018_updateFailed" time="0.002"/>
  <system-out/>
  <testcase classname="com.poly.TestCase.NhaCungCapTest" name="NCC_TC004_findByIDFailed" time="0.036"/>
  <system-out/>
  <testcase classname="com.poly.TestCase.NhaCungCapTest" name="NCC_TC002_findByIDFailed" time="0.001"/>
  <system-out/>
  <testcase classname="com.poly.TestCase.NhaCungCapTest" name="NCC_TC011_selectallSuccess" time="0.040"/>
  <system-out/>
  <testcase classname="com.poly.TestCase.NhaCungCapTest" name="NCC_TC013_updateSuccess" time="0.059"/>
  <system-out/>
  <testcase classname="com.poly.TestCase.NhaCungCapTest" name="NCC_TC008_insertFailed" time="0.001"/>
  <system-out/>
  <testcase classname="com.poly.TestCase.NhaCungCapTest" name="NCC_TC006_insertFailed" time="0.023"/>
  <system-out/>
  <testcase classname="com.poly.TestCase.NhaCungCapTest" name="NCC_TC010_insertFailed" time="0.001"/>
  <system-out/>
  <testcase classname="com.poly.TestCase.NhaCungCapTest" name="NCC_TC001_findByIDSuccess" time="0.132"/>
  <system-out/>
  <testcase classname="com.poly.TestCase.NhaCungCapTest" name="NCC_TC017_updateFailed" time="0.002"/>
  <system-out/>
  <testcase classname="com.poly.TestCase.NhaCungCapTest" name="NCC_TC003_findByIDFailed" time="0.000"/>
  <system-out/>
  <testcase classname="com.poly.TestCase.NhaCungCapTest" name="NCC_TC009_insertFailed" time="0.001"/>
  <system-out/>
  <testcase classname="com.poly.TestCase.NhaCungCapTest" name="NCC_TC016_updateFailed" time="0.033"/>
  <system-out/>
  <testcase classname="com.poly.TestCase.NhaCungCapTest" name="NCC_TC005_insertSuccess" time="0.088"/>
  <system-out/>
  <testcase classname="com.poly.TestCase.NhaCungCapTest" name="NCC_TC014_updateFailed" time="0.001"/>
  <system-out/>
  <testcase classname="com.poly.TestCase.NhaCungCapTest" name="NCC_TC007_insertFailed" time="0.001"/>
  <system-out/>
  <testcase classname="com.poly.TestCase.NhaCungCapTest" name="NCC_TC015_updateFailed" time="0.001"/>
  <system-out/>
</testsuite> <!-- com.poly.TestCase.NhaCungCapTest -->
