<?xml version="1.0" encoding="UTF-8"?>
<!-- Generated by org.testng.reporters.JUnitReportReporter -->
<testsuite hostname="LAPTOP-QQ0D4I19" failures="0" tests="4" name="com.poly.TestCase.NhapHangCTTest" time="0.324" errors="0" timestamp="2021-11-29T09:28:38 ICT" skipped="0">
  <testcase classname="com.poly.TestCase.NhapHangCTTest" name="NHCT_TC003_insertFailed" time="0.001"/>
  <system-out/>
  <testcase classname="com.poly.TestCase.NhapHangCTTest" name="NHCT_TC001_insertSuccess" time="0.240"/>
  <system-out/>
  <testcase classname="com.poly.TestCase.NhapHangCTTest" name="NHCT_TC002_insertFailed" time="0.081"/>
  <system-out/>
  <testcase classname="com.poly.TestCase.NhapHangCTTest" name="NHCT_TC04_insertFalse" time="0.002"/>
  <system-out/>
</testsuite> <!-- com.poly.TestCase.NhapHangCTTest -->
