<?xml version="1.0" encoding="UTF-8"?>
<!-- Generated by org.testng.reporters.JUnitReportReporter -->
<testsuite hostname="LAPTOP-QQ0D4I19" failures="0" tests="3" name="com.poly.TestCase.Login" time="6.045" errors="0" timestamp="2021-11-29T09:33:40 ICT" skipped="0">
  <testcase classname="com.poly.TestCase.Login" name="lauchWebsite" time="3.801"/>
  <system-out/>
  <testcase classname="com.poly.TestCase.Login" name="filllogin" time="1.192"/>
  <system-out/>
  <testcase classname="com.poly.TestCase.Login" name="dologin" time="1.052"/>
  <system-out/>
</testsuite> <!-- com.poly.TestCase.Login -->
