<?xml version="1.0" encoding="UTF-8"?>
<!-- Generated by org.testng.reporters.JUnitReportReporter -->
<testsuite hostname="LAPTOP-QQ0D4I19" failures="0" tests="11" name="com.poly.TestCase.DonViTinhTest" time="0.316" errors="0" timestamp="2021-11-27T16:13:24 ICT" skipped="0">
  <testcase classname="com.poly.TestCase.DonViTinhTest" name="DVT_TC007_DeleteSuccess" time="0.052"/>
  <system-out/>
  <testcase classname="com.poly.TestCase.DonViTinhTest" name="DVT_TC006_UpdateFailed" time="0.001"/>
  <system-out/>
  <testcase classname="com.poly.TestCase.DonViTinhTest" name="DVT_TC009_FindSuccess" time="0.060"/>
  <system-out/>
  <testcase classname="com.poly.TestCase.DonViTinhTest" name="DVT_TC011_FindListSuccess" time="0.029"/>
  <system-out/>
  <testcase classname="com.poly.TestCase.DonViTinhTest" name="DVT_TC001_insertSuccess" time="0.047"/>
  <system-out/>
  <testcase classname="com.poly.TestCase.DonViTinhTest" name="DVT_TC004_UpdateSuccess" time="0.057"/>
  <system-out/>
  <testcase classname="com.poly.TestCase.DonViTinhTest" name="DVT_TC008_DeleteFailed" time="0.035"/>
  <system-out/>
  <testcase classname="com.poly.TestCase.DonViTinhTest" name="DVT_TC003_insertFailed" time="0.001"/>
  <system-out/>
  <testcase classname="com.poly.TestCase.DonViTinhTest" name="DVT_TC005_UpdateFailed" time="0.001"/>
  <system-out/>
  <testcase classname="com.poly.TestCase.DonViTinhTest" name="DVT_TC010_FindFailed" time="0.030"/>
  <system-out/>
  <testcase classname="com.poly.TestCase.DonViTinhTest" name="DVT_TC002_insertFailed" time="0.003"/>
  <system-out/>
</testsuite> <!-- com.poly.TestCase.DonViTinhTest -->
