<?xml version="1.0" encoding="UTF-8"?>
<!-- Generated by org.testng.reporters.JUnitReportReporter -->
<testsuite hostname="LAPTOP-QQ0D4I19" failures="0" tests="11" name="com.poly.TestCase.PhieuChiTest" time="0.693" errors="0" timestamp="2021-11-27T21:35:52 ICT" skipped="0">
  <testcase classname="com.poly.TestCase.PhieuChiTest" name="PC_TC004_insertFailed" time="0.003"/>
  <system-out/>
  <testcase classname="com.poly.TestCase.PhieuChiTest" name="PC_TC001_find_ByDateSuccess" time="0.363"/>
  <system-out/>
  <testcase classname="com.poly.TestCase.PhieuChiTest" name="PC_TC005_insertFailed" time="0.001"/>
  <system-out/>
  <testcase classname="com.poly.TestCase.PhieuChiTest" name="PC_TC006_insertFailed" time="0.057"/>
  <system-out/>
  <testcase classname="com.poly.TestCase.PhieuChiTest" name="PC_TC003_find_ByDateFailed" time="0.002"/>
  <system-out/>
  <testcase classname="com.poly.TestCase.PhieuChiTest" name="PC_TC008_insertFailed" time="0.001"/>
  <system-out/>
  <testcase classname="com.poly.TestCase.PhieuChiTest" name="PC_TC010_selectallFailed" time="0.043"/>
  <system-out/>
  <testcase classname="com.poly.TestCase.PhieuChiTest" name="PC_TC004_insertSuccess" time="0.128"/>
  <system-out/>
  <testcase classname="com.poly.TestCase.PhieuChiTest" name="PC_TC007_insertFailed" time="0.001"/>
  <system-out/>
  <testcase classname="com.poly.TestCase.PhieuChiTest" name="PC_TC009_selectallSuccess" time="0.050"/>
  <system-out/>
  <testcase classname="com.poly.TestCase.PhieuChiTest" name="PC_TC002_find_ByDateFailed" time="0.044"/>
  <system-out/>
</testsuite> <!-- com.poly.TestCase.PhieuChiTest -->
