<?xml version="1.0" encoding="UTF-8"?>
<!-- Generated by org.testng.reporters.JUnitReportReporter -->
<testsuite hostname="LAPTOP-QQ0D4I19" failures="0" tests="11" name="com.poly.TestCase.NhomThuocTest" time="0.345" errors="0" timestamp="2021-11-27T16:01:14 ICT" skipped="0">
  <testcase classname="com.poly.TestCase.NhomThuocTest" name="NT_TC007_DeleteSuccess" time="0.041"/>
  <system-out/>
  <testcase classname="com.poly.TestCase.NhomThuocTest" name="NT_TC006_UpdateFailed" time="0.002"/>
  <system-out/>
  <testcase classname="com.poly.TestCase.NhomThuocTest" name="NT_TC009_FindSuccess" time="0.058"/>
  <system-out/>
  <testcase classname="com.poly.TestCase.NhomThuocTest" name="TT_TC011_FindListSuccess" time="0.034"/>
  <system-out/>
  <testcase classname="com.poly.TestCase.NhomThuocTest" name="NT_TC001_insertSuccess" time="0.054"/>
  <system-out/>
  <testcase classname="com.poly.TestCase.NhomThuocTest" name="NT_TC004_UpdateSuccess" time="0.082"/>
  <system-out/>
  <testcase classname="com.poly.TestCase.NhomThuocTest" name="NT_TC008_DeleteFailed" time="0.038"/>
  <system-out/>
  <testcase classname="com.poly.TestCase.NhomThuocTest" name="NT_TC003_insertFailed" time="0.000"/>
  <system-out/>
  <testcase classname="com.poly.TestCase.NhomThuocTest" name="NT_TC005_UpdateFailed" time="0.001"/>
  <system-out/>
  <testcase classname="com.poly.TestCase.NhomThuocTest" name="TT_TC010_FindFailed" time="0.033"/>
  <system-out/>
  <testcase classname="com.poly.TestCase.NhomThuocTest" name="NT_TC002_insertFailed" time="0.002"/>
  <system-out/>
</testsuite> <!-- com.poly.TestCase.NhomThuocTest -->
