<?xml version="1.0" encoding="UTF-8"?>
<!-- Generated by org.testng.reporters.JUnitReportReporter -->
<testsuite hostname="LAPTOP-QQ0D4I19" failures="0" tests="11" name="com.poly.TestCase.ConnectDatabaseTest" time="46.499" errors="0" timestamp="2021-11-27T15:34:33 ICT" skipped="0">
  <testcase classname="com.poly.TestCase.ConnectDatabaseTest" name="CDB_TC004_ConectFailed" time="0.029"/>
  <system-out/>
  <testcase classname="com.poly.TestCase.ConnectDatabaseTest" name="CDB_TC007_ConectFailed" time="0.030"/>
  <system-out/>
  <testcase classname="com.poly.TestCase.ConnectDatabaseTest" name="CDB_TC002_ConectFailed" time="14.635"/>
  <system-out/>
  <testcase classname="com.poly.TestCase.ConnectDatabaseTest" name="CDB_TC006_ConectFailed" time="0.030"/>
  <system-out/>
  <testcase classname="com.poly.TestCase.ConnectDatabaseTest" name="CDB_TC009_ConectFailed" time="0.002"/>
  <system-out/>
  <testcase classname="com.poly.TestCase.ConnectDatabaseTest" name="CDB_TC011_ConectFailed" time="15.281"/>
  <system-out/>
  <testcase classname="com.poly.TestCase.ConnectDatabaseTest" name="CDB_TC003_ConectFailed" time="0.031"/>
  <system-out/>
  <testcase classname="com.poly.TestCase.ConnectDatabaseTest" name="CDB_TC010_ConectFailed" time="15.824"/>
  <system-out/>
  <testcase classname="com.poly.TestCase.ConnectDatabaseTest" name="CDB_TC008_ConectFalse" time="0.031"/>
  <system-out/>
  <testcase classname="com.poly.TestCase.ConnectDatabaseTest" name="CDB_TC005_ConectFailed" time="0.031"/>
  <system-out/>
  <testcase classname="com.poly.TestCase.ConnectDatabaseTest" name="CDB_TC001_ConectSuccess" time="0.575"/>
  <system-out/>
</testsuite> <!-- com.poly.TestCase.ConnectDatabaseTest -->
