<?xml version="1.0" encoding="UTF-8"?>
<!-- Generated by org.testng.reporters.JUnitReportReporter -->
<testsuite hostname="LAPTOP-QQ0D4I19" failures="0" tests="18" name="com.poly.TestCase.KhachHangTest" time="0.462" errors="0" timestamp="2021-11-27T18:45:06 ICT" skipped="0">
  <testcase classname="com.poly.TestCase.KhachHangTest" name="KH_TC006_insertFailed" time="0.001"/>
  <system-out/>
  <testcase classname="com.poly.TestCase.KhachHangTest" name="KH_TC009_selectallFailed" time="0.036"/>
  <system-out/>
  <testcase classname="com.poly.TestCase.KhachHangTest" name="KH_TC013_updateFailed" time="0.038"/>
  <system-out/>
  <testcase classname="com.poly.TestCase.KhachHangTest" name="KH_TC018_findByIDFailed" time="0.003"/>
  <system-out/>
  <testcase classname="com.poly.TestCase.KhachHangTest" name="KH_TC001_findByIDSuccess" time="0.142"/>
  <system-out/>
  <testcase classname="com.poly.TestCase.KhachHangTest" name="KH_TC014_insertFailed" time="0.001"/>
  <system-out/>
  <testcase classname="com.poly.TestCase.KhachHangTest" name="KH_TC005_insertFailed" time="0.036"/>
  <system-out/>
  <testcase classname="com.poly.TestCase.KhachHangTest" name="KH_TC011_updateFailed" time="0.000"/>
  <system-out/>
  <testcase classname="com.poly.TestCase.KhachHangTest" name="KH_TC015_insertFailed" time="0.001"/>
  <system-out/>
  <testcase classname="com.poly.TestCase.KhachHangTest" name="KH_TC017_updateFailed" time="0.001"/>
  <system-out/>
  <testcase classname="com.poly.TestCase.KhachHangTest" name="KH_TC003_findByIDFailed" time="0.039"/>
  <system-out/>
  <testcase classname="com.poly.TestCase.KhachHangTest" name="KH_TC016_updateFailed" time="0.001"/>
  <system-out/>
  <testcase classname="com.poly.TestCase.KhachHangTest" name="KH_TC002_findByIDFailed" time="0.001"/>
  <system-out/>
  <testcase classname="com.poly.TestCase.KhachHangTest" name="KH_TC007_insertFailed" time="0.001"/>
  <system-out/>
  <testcase classname="com.poly.TestCase.KhachHangTest" name="KH_TC008_selectallSuccess" time="0.034"/>
  <system-out/>
  <testcase classname="com.poly.TestCase.KhachHangTest" name="KH_TC004_insertSuccess" time="0.065"/>
  <system-out/>
  <testcase classname="com.poly.TestCase.KhachHangTest" name="KH_TC010_updateSuccess" time="0.061"/>
  <system-out/>
  <testcase classname="com.poly.TestCase.KhachHangTest" name="KH_TC012_updateFailed" time="0.001"/>
  <system-out/>
</testsuite> <!-- com.poly.TestCase.KhachHangTest -->
