<?xml version="1.0" encoding="UTF-8"?>
<!-- Generated by org.testng.reporters.JUnitReportReporter -->
<testsuite hostname="LAPTOP-QQ0D4I19" failures="0" tests="10" name="com.poly.TestCase.PhieuThuTest" time="0.451" errors="0" timestamp="2021-11-27T21:13:38 ICT" skipped="0">
  <testcase classname="com.poly.TestCase.PhieuThuTest" name="PT_TC002_find_ByDateFailed" time="0.039"/>
  <system-out/>
  <testcase classname="com.poly.TestCase.PhieuThuTest" name="PT_TC006_insertFailed" time="0.002"/>
  <system-out/>
  <testcase classname="com.poly.TestCase.PhieuThuTest" name="PT_TC001_find_ByDateSuccess" time="0.219"/>
  <system-out/>
  <testcase classname="com.poly.TestCase.PhieuThuTest" name="PT_TC008_selectallFailed" time="0.057"/>
  <system-out/>
  <testcase classname="com.poly.TestCase.PhieuThuTest" name="PT_TC007_selectallSuccess" time="0.051"/>
  <system-out/>
  <testcase classname="com.poly.TestCase.PhieuThuTest" name="PT_TC004_insertFailed" time="0.002"/>
  <system-out/>
  <testcase classname="com.poly.TestCase.PhieuThuTest" name="PT_TC010_insertFailed" time="0.001"/>
  <system-out/>
  <testcase classname="com.poly.TestCase.PhieuThuTest" name="PT_TC009_insertSuccess" time="0.078"/>
  <system-out/>
  <testcase classname="com.poly.TestCase.PhieuThuTest" name="PT_TC003_find_ByDateFailed" time="0.001"/>
  <system-out/>
  <testcase classname="com.poly.TestCase.PhieuThuTest" name="PT_TC005_insertFailed" time="0.001"/>
  <system-out/>
</testsuite> <!-- com.poly.TestCase.PhieuThuTest -->
