<?xml version="1.0" encoding="UTF-8"?>
<!-- Generated by org.testng.reporters.JUnitReportReporter -->
<testsuite hostname="LAPTOP-QQ0D4I19" failures="0" tests="1" name="com.poly.UI.frmTuThuocTest" time="0.005" errors="0" timestamp="2021-11-24T10:46:48 ICT" skipped="0">
  <testcase classname="com.poly.UI.frmTuThuocTest" name="TT_TC003_insertFailed" time="0.005"/>
  <system-out/>
</testsuite> <!-- com.poly.UI.frmTuThuocTest -->
