<?xml version="1.0" encoding="UTF-8"?>
<!-- Generated by org.testng.reporters.JUnitReportReporter -->
<testsuite hostname="LAPTOP-QQ0D4I19" failures="0" tests="7" name="com.poly.TestCase.BanHangCTTest" time="0.381" errors="0" timestamp="2021-11-29T09:22:27 ICT" skipped="0">
  <testcase classname="com.poly.TestCase.BanHangCTTest" name="BHCT_TC004_insertFailed" time="0.057"/>
  <system-out/>
  <testcase classname="com.poly.TestCase.BanHangCTTest" name="BHCT_TC003_insertSuccess" time="0.093"/>
  <system-out/>
  <testcase classname="com.poly.TestCase.BanHangCTTest" name="BHCT_TC007_insertFailed" time="0.003"/>
  <system-out/>
  <testcase classname="com.poly.TestCase.BanHangCTTest" name="BHCT_TC002_findbyIDFailed" time="0.029"/>
  <system-out/>
  <testcase classname="com.poly.TestCase.BanHangCTTest" name="BHCT_TC006_insertFailed" time="0.002"/>
  <system-out/>
  <testcase classname="com.poly.TestCase.BanHangCTTest" name="BHCT_TC001_findbyIDSucess" time="0.134"/>
  <system-out/>
  <testcase classname="com.poly.TestCase.BanHangCTTest" name="BHCT_TC005_insertFailed" time="0.063"/>
  <system-out/>
</testsuite> <!-- com.poly.TestCase.BanHangCTTest -->
