<?xml version="1.0" encoding="UTF-8"?>
<!-- Generated by org.testng.reporters.JUnitReportReporter -->
<testsuite hostname="LAPTOP-QQ0D4I19" failures="0" tests="11" name="com.poly.TestCase.TuThuocTest" time="0.465" errors="0" timestamp="2021-11-27T16:01:22 ICT" skipped="0">
  <testcase classname="com.poly.TestCase.TuThuocTest" name="TT_TC007_DeleteSuccess" time="0.057"/>
  <system-out/>
  <testcase classname="com.poly.TestCase.TuThuocTest" name="TT_TC006_UpdateFailed" time="0.001"/>
  <system-out/>
  <testcase classname="com.poly.TestCase.TuThuocTest" name="TT_TC009_FindSuccess" time="0.103"/>
  <system-out/>
  <testcase classname="com.poly.TestCase.TuThuocTest" name="TT_TC011_FindListSuccess" time="0.056"/>
  <system-out/>
  <testcase classname="com.poly.TestCase.TuThuocTest" name="TT_TC001_insertSuccess" time="0.061"/>
  <system-out/>
  <testcase classname="com.poly.TestCase.TuThuocTest" name="TT_TC004_UpdateSuccess" time="0.077"/>
  <system-out/>
  <testcase classname="com.poly.TestCase.TuThuocTest" name="TT_TC008_DeleteFailed" time="0.034"/>
  <system-out/>
  <testcase classname="com.poly.TestCase.TuThuocTest" name="TT_TC003_insertFailed" time="0.001"/>
  <system-out/>
  <testcase classname="com.poly.TestCase.TuThuocTest" name="TT_TC005_UpdateFailed" time="0.001"/>
  <system-out/>
  <testcase classname="com.poly.TestCase.TuThuocTest" name="TT_TC010_FindFailed" time="0.073"/>
  <system-out/>
  <testcase classname="com.poly.TestCase.TuThuocTest" name="TT_TC002_insertFailed" time="0.001"/>
  <system-out/>
</testsuite> <!-- com.poly.TestCase.TuThuocTest -->
