<?xml version="1.0" encoding="UTF-8"?>
<!-- Generated by org.testng.reporters.JUnitReportReporter -->
<testsuite hostname="LAPTOP-QQ0D4I19" failures="0" tests="25" name="com.poly.TestCase.NguoiDungTest" time="0.800" errors="0" timestamp="2021-11-27T17:41:16 ICT" skipped="0">
  <testcase classname="com.poly.TestCase.NguoiDungTest" name="ND_TC021_update_passFailed" time="0.001"/>
  <system-out/>
  <testcase classname="com.poly.TestCase.NguoiDungTest" name="ND_TC016_updateFailed" time="0.044"/>
  <system-out/>
  <testcase classname="com.poly.TestCase.NguoiDungTest" name="ND_TC019_update_passFailed" time="0.002"/>
  <system-out/>
  <testcase classname="com.poly.TestCase.NguoiDungTest" name="ND_TC024_insertFailed" time="0.001"/>
  <system-out/>
  <testcase classname="com.poly.TestCase.NguoiDungTest" name="ND_TC010_insertFailed" time="0.043"/>
  <system-out/>
  <testcase classname="com.poly.TestCase.NguoiDungTest" name="ND_TC002_findbyIDFailed" time="0.001"/>
  <system-out/>
  <testcase classname="com.poly.TestCase.NguoiDungTest" name="ND_TC005_forget_passFailed" time="0.001"/>
  <system-out/>
  <testcase classname="com.poly.TestCase.NguoiDungTest" name="ND_TC006_forget_passFailed" time="0.044"/>
  <system-out/>
  <testcase classname="com.poly.TestCase.NguoiDungTest" name="ND_TC013_updateSuccess" time="0.096"/>
  <system-out/>
  <testcase classname="com.poly.TestCase.NguoiDungTest" name="ND_TC003_findbyIDFailed" time="0.046"/>
  <system-out/>
  <testcase classname="com.poly.TestCase.NguoiDungTest" name="ND_TC018_update_passFailed" time="0.001"/>
  <system-out/>
  <testcase classname="com.poly.TestCase.NguoiDungTest" name="ND_TC023_findbyIDFailed" time="0.001"/>
  <system-out/>
  <testcase classname="com.poly.TestCase.NguoiDungTest" name="ND_TC004_forget_passSuccess" time="0.076"/>
  <system-out/>
  <testcase classname="com.poly.TestCase.NguoiDungTest" name="ND_TC022_update_passFailed" time="0.002"/>
  <system-out/>
  <testcase classname="com.poly.TestCase.NguoiDungTest" name="ND_TC001_findbyIDSuccess" time="0.165"/>
  <system-out/>
  <testcase classname="com.poly.TestCase.NguoiDungTest" name="ND_TC012_selectAllFailed" time="0.034"/>
  <system-out/>
  <testcase classname="com.poly.TestCase.NguoiDungTest" name="ND_TC025_insertFailed" time="0.001"/>
  <system-out/>
  <testcase classname="com.poly.TestCase.NguoiDungTest" name="ND_TC009_insertFailed" time="0.002"/>
  <system-out/>
  <testcase classname="com.poly.TestCase.NguoiDungTest" name="ND_TC007_insertSuccess" time="0.073"/>
  <system-out/>
  <testcase classname="com.poly.TestCase.NguoiDungTest" name="ND_TC011_selectAllSuccess" time="0.053"/>
  <system-out/>
  <testcase classname="com.poly.TestCase.NguoiDungTest" name="ND_TC014_updateFailed" time="0.001"/>
  <system-out/>
  <testcase classname="com.poly.TestCase.NguoiDungTest" name="ND_TC020_update_passFailed" time="0.029"/>
  <system-out/>
  <testcase classname="com.poly.TestCase.NguoiDungTest" name="ND_TC017_update_passSuccess" time="0.080"/>
  <system-out/>
  <testcase classname="com.poly.TestCase.NguoiDungTest" name="ND_TC008_insertFailed" time="0.002"/>
  <system-out/>
  <testcase classname="com.poly.TestCase.NguoiDungTest" name="ND_TC015_updateFailed" time="0.001"/>
  <system-out/>
</testsuite> <!-- com.poly.TestCase.NguoiDungTest -->
