<?xml version="1.0" encoding="UTF-8"?>
<!-- Generated by org.testng.reporters.JUnitReportReporter -->
<testsuite hostname="LAPTOP-QQ0D4I19" failures="0" tests="1" name="com.poly.TestCase.SanPhamThuocDAOTest" time="0.106" errors="0" timestamp="2021-11-24T14:29:36 ICT" skipped="0">
  <testcase classname="com.poly.TestCase.SanPhamThuocDAOTest" name="SPT_TC005_findByIDThuocFailed" time="0.106"/>
  <system-out/>
</testsuite> <!-- com.poly.TestCase.SanPhamThuocDAOTest -->
