<?xml version="1.0" encoding="UTF-8"?>
<!-- Generated by org.testng.reporters.JUnitReportReporter -->
<testsuite hostname="LAPTOP-QQ0D4I19" failures="0" tests="1" name="com.poly.UI.ConnectTionDatabaseTest" time="0.375" errors="0" timestamp="2021-11-24T09:55:02 ICT" skipped="0">
  <testcase classname="com.poly.UI.ConnectTionDatabaseTest" name="DB_TC001_TestConnectSuccess" time="0.375"/>
  <system-out/>
</testsuite> <!-- com.poly.UI.ConnectTionDatabaseTest -->
